execve("./http", ["./http"], [/* 88 vars */]) = 0
brk(NULL)                               = 0x20b6000
access("/etc/ld.so.nohwcap", F_OK)      = -1 ENOENT (No such file or directory)
mmap(NULL, 8192, PROT_READ|PROT_WRITE, MAP_PRIVATE|MAP_ANONYMOUS, -1, 0) = 0x7fd8bc2f8000
access("/etc/ld.so.preload", R_OK)      = -1 ENOENT (No such file or directory)
open("/etc/ld.so.cache", O_RDONLY|O_CLOEXEC) = 3
fstat(3, {st_mode=S_IFREG|0644, st_size=195221, ...}) = 0
mmap(NULL, 195221, PROT_READ, MAP_PRIVATE, 3, 0) = 0x7fd8bc2c5000
close(3)                                = 0
access("/etc/ld.so.nohwcap", F_OK)      = -1 ENOENT (No such file or directory)
open("/lib/x86_64-linux-gnu/libc.so.6", O_RDONLY|O_CLOEXEC) = 3
read(3, "\177ELF\2\1\1\3\0\0\0\0\0\0\0\0\3\0>\0\1\0\0\0P\t\2\0\0\0\0\0"..., 832) = 832
fstat(3, {st_mode=S_IFREG|0755, st_size=1864888, ...}) = 0
mmap(NULL, 3967392, PROT_READ|PROT_EXEC, MAP_PRIVATE|MAP_DENYWRITE, 3, 0) = 0x7fd8bbd05000
mprotect(0x7fd8bbec4000, 2097152, PROT_NONE) = 0
mmap(0x7fd8bc0c4000, 24576, PROT_READ|PROT_WRITE, MAP_PRIVATE|MAP_FIXED|MAP_DENYWRITE, 3, 0x1bf000) = 0x7fd8bc0c4000
mmap(0x7fd8bc0ca000, 14752, PROT_READ|PROT_WRITE, MAP_PRIVATE|MAP_FIXED|MAP_ANONYMOUS, -1, 0) = 0x7fd8bc0ca000
close(3)                                = 0
mmap(NULL, 4096, PROT_READ|PROT_WRITE, MAP_PRIVATE|MAP_ANONYMOUS, -1, 0) = 0x7fd8bc2f7000
mmap(NULL, 4096, PROT_READ|PROT_WRITE, MAP_PRIVATE|MAP_ANONYMOUS, -1, 0) = 0x7fd8bc2f6000
mmap(NULL, 4096, PROT_READ|PROT_WRITE, MAP_PRIVATE|MAP_ANONYMOUS, -1, 0) = 0x7fd8bc2f5000
arch_prctl(ARCH_SET_FS, 0x7fd8bc2f6700) = 0
mprotect(0x7fd8bc0c4000, 16384, PROT_READ) = 0
mprotect(0x7fd8bc2fa000, 4096, PROT_READ) = 0
munmap(0x7fd8bc2c5000, 195221)          = 0
fstat(1, {st_mode=S_IFCHR|0620, st_rdev=makedev(136, 5), ...}) = 0
brk(NULL)                               = 0x20b6000
brk(0x20d7000)                          = 0x20d7000
write(1, "Server started at port no. \33[92m"..., 106Server started at port no. 10000 with root directory as /home/zython5/echochamber/httpc
) = 106
socket(PF_INET, SOCK_STREAM, IPPROTO_IP) = 3
bind(3, {sa_family=AF_INET, sin_port=htons(10000), sin_addr=inet_addr("0.0.0.0")}, 16) = 0
listen(3, 1000000)                      = 0
accept(3, {sa_family=AF_INET, sin_port=htons(34940), sin_addr=inet_addr("127.0.0.1")}, [16]) = 4
clone(child_stack=0, flags=CLONE_CHILD_CLEARTID|CLONE_CHILD_SETTID|SIGCHLD, child_tidptr=0x7fd8bc2f69d0) = 15184
accept(3, GET /a HTTP/1.1
Host: localhost:10000
Connection: keep-alive
Upgrade-Insecure-Requests: 1
User-Agent: Mozilla/5.0 (X11; Linux x86_64) AppleWebKit/537.36 (KHTML, like Gecko) Chrome/56.0.2924.87 Safari/537.36
Accept: text/html,application/xhtml+xml,application/xml;q=0.9,image/webp,*/*;q=0.8
Accept-Encoding: gzip, deflate, sdch, br
Accept-Language: de-DE,de;q=0.8,en-US;q=0.6,en;q=0.4
Cookie: _xsrf=2|aa5a5a52|d14ff65855b375a0978183115dfc10e7|1487170758

file: /home/zython5/echochamber/httpc/a
0x7fff444dc960, 0x7fff444dc954) = ? ERESTARTSYS (To be restarted if SA_RESTART is set)
--- SIGCHLD {si_signo=SIGCHLD, si_code=CLD_EXITED, si_pid=15184, si_uid=1000, si_status=0, si_utime=0, si_stime=0} ---
accept(3, ^Cstrace: Process 15173 detached
 <detached ...>
